<?xml version="1.0" encoding="UTF-8"?>
<testng-results skipped="0" failed="0" total="1" passed="1">
  <reporter-output>
  </reporter-output>
  <suite name="Default suite" duration-ms="53159" started-at="2020-12-22T01:00:27Z" finished-at="2020-12-22T01:01:20Z">
    <groups>
      <group name="cucumber">
        <method signature="AbstractTestNGCucumberTests.feature(cucumber.api.testng.CucumberFeatureWrapper)[pri:0, instance:Runner.Runcuke@6500df86]" name="feature" class="cucumber.api.testng.AbstractTestNGCucumberTests"/>
      </group> <!-- cucumber -->
    </groups>
    <test name="Default test" duration-ms="53159" started-at="2020-12-22T01:00:27Z" finished-at="2020-12-22T01:01:20Z">
      <class name="Runner.Runcuke">
        <test-method status="PASS" signature="setUpClass()[pri:0, instance:Runner.Runcuke@6500df86]" name="setUpClass" is-config="true" duration-ms="735" started-at="2020-12-21T20:00:27Z" finished-at="2020-12-21T20:00:28Z">
          <reporter-output>
          </reporter-output>
        </test-method> <!-- setUpClass -->
        <test-method status="PASS" signature="setup()[pri:0, instance:Runner.Runcuke@6500df86]" name="setup" is-config="true" duration-ms="1249" started-at="2020-12-21T20:00:28Z" finished-at="2020-12-21T20:00:29Z">
          <reporter-output>
          </reporter-output>
        </test-method> <!-- setup -->
        <test-method status="PASS" signature="feature(cucumber.api.testng.CucumberFeatureWrapper)[pri:0, instance:Runner.Runcuke@6500df86]" name="feature" duration-ms="50641" started-at="2020-12-21T20:00:29Z" description="Runs Cucumber Feature" data-provider="features" finished-at="2020-12-21T20:01:20Z">
          <params>
            <param index="0">
              <value>
                <![CDATA[Validating dealer search functionality]]>
              </value>
            </param>
          </params>
          <reporter-output>
          </reporter-output>
        </test-method> <!-- feature -->
        <test-method status="PASS" signature="tearDownClass()[pri:0, instance:Runner.Runcuke@6500df86]" name="tearDownClass" is-config="true" duration-ms="235" started-at="2020-12-21T20:01:20Z" finished-at="2020-12-21T20:01:20Z">
          <reporter-output>
          </reporter-output>
        </test-method> <!-- tearDownClass -->
      </class> <!-- Runner.Runcuke -->
    </test> <!-- Default test -->
  </suite> <!-- Default suite -->
</testng-results>
