<?xml version="1.0" encoding="UTF-8"?>
<testng-results skipped="0" failed="0" total="1" passed="1">
  <reporter-output>
  </reporter-output>
  <suite name="Default suite" duration-ms="72056" started-at="2020-12-22T00:41:14Z" finished-at="2020-12-22T00:42:26Z">
    <groups>
      <group name="cucumber">
        <method signature="AbstractTestNGCucumberTests.feature(cucumber.api.testng.CucumberFeatureWrapper)[pri:0, instance:Runner.Runcuke@6500df86]" name="feature" class="cucumber.api.testng.AbstractTestNGCucumberTests"/>
      </group> <!-- cucumber -->
    </groups>
    <test name="Default test" duration-ms="72056" started-at="2020-12-22T00:41:14Z" finished-at="2020-12-22T00:42:26Z">
      <class name="Runner.Runcuke">
        <test-method status="PASS" signature="setUpClass()[pri:0, instance:Runner.Runcuke@6500df86]" name="setUpClass" is-config="true" duration-ms="1414" started-at="2020-12-21T19:41:14Z" finished-at="2020-12-21T19:41:15Z">
          <reporter-output>
          </reporter-output>
        </test-method> <!-- setUpClass -->
        <test-method status="PASS" signature="setup()[pri:0, instance:Runner.Runcuke@6500df86]" name="setup" is-config="true" duration-ms="2823" started-at="2020-12-21T19:41:15Z" finished-at="2020-12-21T19:41:18Z">
          <reporter-output>
          </reporter-output>
        </test-method> <!-- setup -->
        <test-method status="PASS" signature="feature(cucumber.api.testng.CucumberFeatureWrapper)[pri:0, instance:Runner.Runcuke@6500df86]" name="feature" duration-ms="67067" started-at="2020-12-21T19:41:19Z" description="Runs Cucumber Feature" data-provider="features" finished-at="2020-12-21T19:42:26Z">
          <params>
            <param index="0">
              <value>
                <![CDATA[Validating dealer search functionality]]>
              </value>
            </param>
          </params>
          <reporter-output>
          </reporter-output>
        </test-method> <!-- feature -->
        <test-method status="PASS" signature="tearDownClass()[pri:0, instance:Runner.Runcuke@6500df86]" name="tearDownClass" is-config="true" duration-ms="230" started-at="2020-12-21T19:42:26Z" finished-at="2020-12-21T19:42:26Z">
          <reporter-output>
          </reporter-output>
        </test-method> <!-- tearDownClass -->
      </class> <!-- Runner.Runcuke -->
    </test> <!-- Default test -->
  </suite> <!-- Default suite -->
</testng-results>
